<?xml version="1.0" encoding="UTF-8"?>
<coverage generated="1365698106">
  <project timestamp="1365698106">
    <package name="MCNEmail\Entity">
      <file name="/Users/antoine/Sites/onoterat/devmodule/MCNEmail/src/MCNEmail/Entity/Template.php">
        <class name="Template" namespace="MCNEmail\Entity" fullPackage="MCNEmail" package="MCNEmail">
          <metrics methods="14" coveredmethods="0" conditionals="0" coveredconditionals="0" statements="56" coveredstatements="0" elements="70" coveredelements="0"/>
        </class>
        <line num="127" type="method" name="isValid" crap="6" count="0"/>
        <line num="128" type="stmt" count="0"/>
        <line num="129" type="stmt" count="0"/>
        <line num="130" type="stmt" count="0"/>
        <line num="135" type="method" name="setDescription" crap="2" count="0"/>
        <line num="136" type="stmt" count="0"/>
        <line num="137" type="stmt" count="0"/>
        <line num="138" type="stmt" count="0"/>
        <line num="143" type="method" name="getDescription" crap="2" count="0"/>
        <line num="144" type="stmt" count="0"/>
        <line num="145" type="stmt" count="0"/>
        <line num="146" type="stmt" count="0"/>
        <line num="151" type="method" name="getId" crap="2" count="0"/>
        <line num="152" type="stmt" count="0"/>
        <line num="153" type="stmt" count="0"/>
        <line num="154" type="stmt" count="0"/>
        <line num="159" type="method" name="setName" crap="2" count="0"/>
        <line num="160" type="stmt" count="0"/>
        <line num="161" type="stmt" count="0"/>
        <line num="162" type="stmt" count="0"/>
        <line num="167" type="method" name="getName" crap="2" count="0"/>
        <line num="168" type="stmt" count="0"/>
        <line num="169" type="stmt" count="0"/>
        <line num="170" type="stmt" count="0"/>
        <line num="175" type="method" name="setTemplate" crap="2" count="0"/>
        <line num="176" type="stmt" count="0"/>
        <line num="177" type="stmt" count="0"/>
        <line num="178" type="stmt" count="0"/>
        <line num="183" type="method" name="getTemplate" crap="2" count="0"/>
        <line num="184" type="stmt" count="0"/>
        <line num="185" type="stmt" count="0"/>
        <line num="186" type="stmt" count="0"/>
        <line num="191" type="method" name="setVariables" crap="2" count="0"/>
        <line num="192" type="stmt" count="0"/>
        <line num="193" type="stmt" count="0"/>
        <line num="194" type="stmt" count="0"/>
        <line num="199" type="method" name="getVariables" crap="2" count="0"/>
        <line num="200" type="stmt" count="0"/>
        <line num="201" type="stmt" count="0"/>
        <line num="202" type="stmt" count="0"/>
        <line num="207" type="method" name="setSubject" crap="2" count="0"/>
        <line num="208" type="stmt" count="0"/>
        <line num="209" type="stmt" count="0"/>
        <line num="210" type="stmt" count="0"/>
        <line num="215" type="method" name="getSubject" crap="2" count="0"/>
        <line num="216" type="stmt" count="0"/>
        <line num="217" type="stmt" count="0"/>
        <line num="218" type="stmt" count="0"/>
        <line num="223" type="method" name="setBcc" crap="2" count="0"/>
        <line num="224" type="stmt" count="0"/>
        <line num="225" type="stmt" count="0"/>
        <line num="226" type="stmt" count="0"/>
        <line num="231" type="method" name="getBcc" crap="2" count="0"/>
        <line num="232" type="stmt" count="0"/>
        <line num="233" type="stmt" count="0"/>
        <line num="234" type="stmt" count="0"/>
        <metrics loc="235" ncloc="97" classes="1" methods="14" coveredmethods="0" conditionals="0" coveredconditionals="0" statements="56" coveredstatements="0" elements="70" coveredelements="0"/>
      </file>
    </package>
    <package name="MCNEmail\Options">
      <file name="/Users/antoine/Sites/onoterat/devmodule/MCNEmail/src/MCNEmail/Options/EmailOptions.php">
        <class name="EmailOptions" namespace="MCNEmail\Options">
          <metrics methods="10" coveredmethods="10" conditionals="0" coveredconditionals="0" statements="15" coveredstatements="15" elements="25" coveredelements="25"/>
        </class>
        <line num="81" type="method" name="setBcc" crap="1" count="5"/>
        <line num="83" type="stmt" count="5"/>
        <line num="84" type="stmt" count="5"/>
        <line num="89" type="method" name="getBcc" crap="1" count="2"/>
        <line num="91" type="stmt" count="2"/>
        <line num="97" type="method" name="setDefaultTransport" crap="1" count="1"/>
        <line num="99" type="stmt" count="1"/>
        <line num="100" type="stmt" count="1"/>
        <line num="105" type="method" name="getDefaultTransport" crap="1" count="1"/>
        <line num="107" type="stmt" count="1"/>
        <line num="113" type="method" name="setEncoding" crap="1" count="5"/>
        <line num="115" type="stmt" count="5"/>
        <line num="116" type="stmt" count="5"/>
        <line num="121" type="method" name="getEncoding" crap="1" count="2"/>
        <line num="123" type="stmt" count="2"/>
        <line num="129" type="method" name="setFrom" crap="1" count="5"/>
        <line num="131" type="stmt" count="5"/>
        <line num="132" type="stmt" count="5"/>
        <line num="137" type="method" name="getFrom" crap="1" count="2"/>
        <line num="139" type="stmt" count="2"/>
        <line num="145" type="method" name="setReplyTo" crap="1" count="5"/>
        <line num="147" type="stmt" count="5"/>
        <line num="148" type="stmt" count="5"/>
        <line num="153" type="method" name="getReplyTo" crap="1" count="2"/>
        <line num="155" type="stmt" count="2"/>
        <line num="158" type="stmt" count="1"/>
        <metrics loc="157" ncloc="68" classes="1" methods="10" coveredmethods="10" conditionals="0" coveredconditionals="0" statements="15" coveredstatements="15" elements="25" coveredelements="25"/>
      </file>
    </package>
    <package name="MCNEmail\Repository">
      <file name="/Users/antoine/Sites/onoterat/devmodule/MCNEmail/src/MCNEmail/Repository/Template.php">
        <class name="Template" namespace="MCNEmail\Repository" fullPackage="MCNEmail" package="MCNEmail">
          <metrics methods="0" coveredmethods="0" conditionals="0" coveredconditionals="0" statements="0" coveredstatements="0" elements="0" coveredelements="0"/>
        </class>
        <metrics loc="54" ncloc="11" classes="1" methods="0" coveredmethods="0" conditionals="0" coveredconditionals="0" statements="0" coveredstatements="0" elements="0" coveredelements="0"/>
      </file>
    </package>
    <file name="/Users/antoine/Sites/onoterat/devmodule/MCNEmail/src/MCNEmail/Repository/TemplateInterface.php">
      <metrics loc="15" ncloc="6" classes="0" methods="0" coveredmethods="0" conditionals="0" coveredconditionals="0" statements="0" coveredstatements="0" elements="0" coveredelements="0"/>
    </file>
    <package name="MCNEmail\Service">
      <file name="/Users/antoine/Sites/onoterat/devmodule/MCNEmail/src/MCNEmail/Service/Email.php">
        <class name="Email" namespace="MCNEmail\Service" fullPackage="MCNEmail" package="MCNEmail">
          <metrics methods="4" coveredmethods="4" conditionals="0" coveredconditionals="0" statements="32" coveredstatements="30" elements="36" coveredelements="34"/>
        </class>
        <line num="0" type="stmt" count="1"/>
        <line num="77" type="method" name="__construct" crap="2" count="5"/>
        <line num="79" type="stmt" count="5"/>
        <line num="80" type="stmt" count="5"/>
        <line num="81" type="stmt" count="5"/>
        <line num="86" type="method" name="setTransport" crap="1" count="5"/>
        <line num="88" type="stmt" count="5"/>
        <line num="89" type="stmt" count="5"/>
        <line num="96" type="method" name="getTransport" crap="2" count="4"/>
        <line num="98" type="stmt" count="4"/>
        <line num="100" type="stmt" count="1"/>
        <line num="101" type="stmt" count="1"/>
        <line num="102" type="stmt" count="1"/>
        <line num="104" type="stmt" count="4"/>
        <line num="119" type="method" name="send" crap="5.02" count="3"/>
        <line num="121" type="stmt" count="3"/>
        <line num="122" type="stmt" count="2"/>
        <line num="123" type="stmt" count="3"/>
        <line num="124" type="stmt" count="0"/>
        <line num="125" type="stmt" count="0"/>
        <line num="127" type="stmt" count="3"/>
        <line num="129" type="stmt" count="1"/>
        <line num="131" type="stmt" count="1"/>
        <line num="134" type="stmt" count="2"/>
        <line num="137" type="stmt" count="2"/>
        <line num="138" type="stmt" count="2"/>
        <line num="140" type="stmt" count="2"/>
        <line num="142" type="stmt" count="2"/>
        <line num="143" type="stmt" count="2"/>
        <line num="144" type="stmt" count="2"/>
        <line num="146" type="stmt" count="2"/>
        <line num="148" type="stmt" count="2"/>
        <line num="149" type="stmt" count="2"/>
        <line num="150" type="stmt" count="2"/>
        <line num="151" type="stmt" count="2"/>
        <line num="153" type="stmt" count="2"/>
        <line num="154" type="stmt" count="2"/>
        <line num="156" type="stmt" count="1"/>
        <metrics loc="155" ncloc="79" classes="1" methods="4" coveredmethods="3" conditionals="0" coveredconditionals="0" statements="32" coveredstatements="30" elements="36" coveredelements="33"/>
      </file>
      <file name="/Users/antoine/Sites/onoterat/devmodule/MCNEmail/src/MCNEmail/Service/Template.php">
        <class name="Template" namespace="MCNEmail\Service" fullPackage="MCNEmail" package="MCNEmail">
          <metrics methods="7" coveredmethods="0" conditionals="0" coveredconditionals="0" statements="40" coveredstatements="0" elements="47" coveredelements="0"/>
        </class>
        <line num="46" type="stmt" count="0"/>
        <line num="64" type="method" name="__construct" crap="2" count="0"/>
        <line num="65" type="stmt" count="0"/>
        <line num="66" type="stmt" count="0"/>
        <line num="67" type="stmt" count="0"/>
        <line num="72" type="method" name="getRepository" crap="2" count="0"/>
        <line num="73" type="stmt" count="0"/>
        <line num="74" type="stmt" count="0"/>
        <line num="75" type="stmt" count="0"/>
        <line num="81" type="method" name="get" crap="2" count="0"/>
        <line num="82" type="stmt" count="0"/>
        <line num="83" type="stmt" count="0"/>
        <line num="84" type="stmt" count="0"/>
        <line num="91" type="method" name="getById" crap="2" count="0"/>
        <line num="92" type="stmt" count="0"/>
        <line num="93" type="stmt" count="0"/>
        <line num="94" type="stmt" count="0"/>
        <line num="99" type="method" name="save" crap="6" count="0"/>
        <line num="100" type="stmt" count="0"/>
        <line num="101" type="stmt" count="0"/>
        <line num="103" type="stmt" count="0"/>
        <line num="104" type="stmt" count="0"/>
        <line num="107" type="stmt" count="0"/>
        <line num="108" type="stmt" count="0"/>
        <line num="109" type="stmt" count="0"/>
        <line num="117" type="method" name="create" crap="2" count="0"/>
        <line num="118" type="stmt" count="0"/>
        <line num="119" type="stmt" count="0"/>
        <line num="120" type="stmt" count="0"/>
        <line num="121" type="stmt" count="0"/>
        <line num="122" type="stmt" count="0"/>
        <line num="123" type="stmt" count="0"/>
        <line num="124" type="stmt" count="0"/>
        <line num="125" type="stmt" count="0"/>
        <line num="127" type="stmt" count="0"/>
        <line num="128" type="stmt" count="0"/>
        <line num="129" type="stmt" count="0"/>
        <line num="137" type="method" name="fetchAll" crap="2" count="0"/>
        <line num="138" type="stmt" count="0"/>
        <line num="139" type="stmt" count="0"/>
        <line num="140" type="stmt" count="0"/>
        <metrics loc="141" ncloc="64" classes="1" methods="7" coveredmethods="0" conditionals="0" coveredconditionals="0" statements="41" coveredstatements="0" elements="48" coveredelements="0"/>
      </file>
    </package>
    <file name="/Users/antoine/Sites/onoterat/devmodule/MCNEmail/src/MCNEmail/Service/Exception/ExceptionInterface.php">
      <line num="51" type="stmt" count="1"/>
      <metrics loc="50" ncloc="8" classes="0" methods="0" coveredmethods="0" conditionals="0" coveredconditionals="0" statements="0" coveredstatements="0" elements="0" coveredelements="0"/>
    </file>
    <package name="MCNEmail\Service\Exception">
      <file name="/Users/antoine/Sites/onoterat/devmodule/MCNEmail/src/MCNEmail/Service/Exception/InvalidArgumentException.php">
        <class name="InvalidArgumentException" namespace="MCNEmail\Service\Exception">
          <metrics methods="0" coveredmethods="0" conditionals="0" coveredconditionals="0" statements="0" coveredstatements="0" elements="0" coveredelements="0"/>
        </class>
        <line num="51" type="stmt" count="1"/>
        <metrics loc="50" ncloc="8" classes="1" methods="0" coveredmethods="0" conditionals="0" coveredconditionals="0" statements="0" coveredstatements="0" elements="0" coveredelements="0"/>
      </file>
      <file name="/Users/antoine/Sites/onoterat/devmodule/MCNEmail/src/MCNEmail/Service/Exception/InvalidEmailAddressException.php">
        <class name="InvalidEmailAddressException" namespace="MCNEmail\Service\Exception" fullPackage="Service.Email" category="PMG" package="Service" subpackage="Email">
          <metrics methods="0" coveredmethods="0" conditionals="0" coveredconditionals="0" statements="0" coveredstatements="0" elements="0" coveredelements="0"/>
        </class>
        <metrics loc="55" ncloc="8" classes="1" methods="0" coveredmethods="0" conditionals="0" coveredconditionals="0" statements="0" coveredstatements="0" elements="0" coveredelements="0"/>
      </file>
      <file name="/Users/antoine/Sites/onoterat/devmodule/MCNEmail/src/MCNEmail/Service/Exception/LogicException.php">
        <class name="LogicException" namespace="MCNEmail\Service\Exception" fullPackage="MCNEmail" package="MCNEmail">
          <metrics methods="0" coveredmethods="0" conditionals="0" coveredconditionals="0" statements="0" coveredstatements="0" elements="0" coveredelements="0"/>
        </class>
        <metrics loc="50" ncloc="7" classes="1" methods="0" coveredmethods="0" conditionals="0" coveredconditionals="0" statements="0" coveredstatements="0" elements="0" coveredelements="0"/>
      </file>
      <file name="/Users/antoine/Sites/onoterat/devmodule/MCNEmail/src/MCNEmail/Service/Exception/RuntimeException.php">
        <class name="RuntimeException" namespace="MCNEmail\Service\Exception">
          <metrics methods="0" coveredmethods="0" conditionals="0" coveredconditionals="0" statements="0" coveredstatements="0" elements="0" coveredelements="0"/>
        </class>
        <metrics loc="50" ncloc="8" classes="1" methods="0" coveredmethods="0" conditionals="0" coveredconditionals="0" statements="0" coveredstatements="0" elements="0" coveredelements="0"/>
      </file>
      <file name="/Users/antoine/Sites/onoterat/devmodule/MCNEmail/src/MCNEmail/Service/Exception/TemplateNotFoundException.php">
        <class name="TemplateNotFoundException" namespace="MCNEmail\Service\Exception" fullPackage="MCNEmail" package="MCNEmail">
          <metrics methods="0" coveredmethods="0" conditionals="0" coveredconditionals="0" statements="0" coveredstatements="0" elements="0" coveredelements="0"/>
        </class>
        <metrics loc="50" ncloc="7" classes="1" methods="0" coveredmethods="0" conditionals="0" coveredconditionals="0" statements="0" coveredstatements="0" elements="0" coveredelements="0"/>
      </file>
    </package>
    <file name="/Users/antoine/Sites/onoterat/devmodule/MCNEmail/src/MCNEmail/Service/TemplateInterface.php">
      <line num="94" type="stmt" count="1"/>
      <metrics loc="93" ncloc="16" classes="0" methods="0" coveredmethods="0" conditionals="0" coveredconditionals="0" statements="0" coveredstatements="0" elements="0" coveredelements="0"/>
    </file>
    <metrics files="13" loc="1155" ncloc="387" classes="10" methods="35" coveredmethods="13" conditionals="0" coveredconditionals="0" statements="144" coveredstatements="45" elements="179" coveredelements="58"/>
  </project>
</coverage>
